# JRE version: Java(TM) SE Runtime Environment (8.0_171-b11) (build 1.8.0_171-b11)
# Java VM: Java HotSpot(TM) 64-Bit Server VM (25.171-b11 mixed mode bsd-amd64 compressed oops)
Heap:
 PSYoungGen      total 146944K, used 26256K [0x0000000795580000, 0x00000007a8080000, 0x00000007c0000000)
  eden space 132608K, 8% used [0x0000000795580000,0x0000000796124018,0x000000079d700000)
  from space 14336K, 100% used [0x000000079d700000,0x000000079e500000,0x000000079e500000)
  to   space 20480K, 0% used [0x00000007a6c80000,0x00000007a6c80000,0x00000007a8080000)
 ParOldGen       total 87552K, used 25031K [0x0000000740000000, 0x0000000745580000, 0x0000000795580000)
  object space 87552K, 28% used [0x0000000740000000,0x0000000741871d70,0x0000000745580000)
 Metaspace       used 20684K, capacity 21162K, committed 21248K, reserved 1069056K
  class space    used 2399K, capacity 2553K, committed 2560K, reserved 1048576K
GC Heap History (10 events):
Event: 4.527 GC heap before
{Heap before GC invocations=3 (full 0):
 PSYoungGen      total 38400K, used 38390K [0x0000000795580000, 0x000000079a080000, 0x00000007c0000000)
  eden space 33280K, 100% used [0x0000000795580000,0x0000000797600000,0x0000000797600000)
  from space 5120K, 99% used [0x0000000797b00000,0x0000000797ffd920,0x0000000798000000)
  to   space 5120K, 0% used [0x0000000797600000,0x0000000797600000,0x0000000797b00000)
 ParOldGen       total 87552K, used 1927K [0x0000000740000000, 0x0000000745580000, 0x0000000795580000)
  object space 87552K, 2% used [0x0000000740000000,0x00000007401e1ce8,0x0000000745580000)
 Metaspace       used 14802K, capacity 14984K, committed 15232K, reserved 1062912K
  class space    used 1821K, capacity 1908K, committed 1920K, reserved 1048576K
Event: 4.554 GC heap after
Heap after GC invocations=3 (full 0):
 PSYoungGen      total 38400K, used 5088K [0x0000000795580000, 0x000000079a080000, 0x00000007c0000000)
  eden space 33280K, 0% used [0x0000000795580000,0x0000000795580000,0x0000000797600000)
  from space 5120K, 99% used [0x0000000797600000,0x0000000797af8020,0x0000000797b00000)
  to   space 5120K, 0% used [0x0000000799b80000,0x0000000799b80000,0x000000079a080000)
 ParOldGen       total 87552K, used 4939K [0x0000000740000000, 0x0000000745580000, 0x0000000795580000)
  object space 87552K, 5% used [0x0000000740000000,0x00000007404d2c28,0x0000000745580000)
 Metaspace       used 14802K, capacity 14984K, committed 15232K, reserved 1062912K
  class space    used 1821K, capacity 1908K, committed 1920K, reserved 1048576K
}
Event: 5.644 GC heap before
{Heap before GC invocations=4 (full 0):
 PSYoungGen      total 38400K, used 38368K [0x0000000795580000, 0x000000079a080000, 0x00000007c0000000)
  eden space 33280K, 100% used [0x0000000795580000,0x0000000797600000,0x0000000797600000)
  from space 5120K, 99% used [0x0000000797600000,0x0000000797af8020,0x0000000797b00000)
  to   space 5120K, 0% used [0x0000000799b80000,0x0000000799b80000,0x000000079a080000)
 ParOldGen       total 87552K, used 4939K [0x0000000740000000, 0x0000000745580000, 0x0000000795580000)
  object space 87552K, 5% used [0x0000000740000000,0x00000007404d2c28,0x0000000745580000)
 Metaspace       used 15277K, capacity 15534K, committed 15872K, reserved 1062912K
  class space    used 1843K, capacity 1941K, committed 2048K, reserved 1048576K
Event: 5.688 GC heap after
Heap after GC invocations=4 (full 0):
 PSYoungGen      total 71680K, used 5088K [0x0000000795580000, 0x000000079a080000, 0x00000007c0000000)
  eden space 66560K, 0% used [0x0000000795580000,0x0000000795580000,0x0000000799680000)
  from space 5120K, 99% used [0x0000000799b80000,0x000000079a078020,0x000000079a080000)
  to   space 5120K, 0% used [0x0000000799680000,0x0000000799680000,0x0000000799b80000)
 ParOldGen       total 87552K, used 8801K [0x0000000740000000, 0x0000000745580000, 0x0000000795580000)
  object space 87552K, 10% used [0x0000000740000000,0x00000007408986b0,0x0000000745580000)
 Metaspace       used 15277K, capacity 15534K, committed 15872K, reserved 1062912K
  class space    used 1843K, capacity 1941K, committed 2048K, reserved 1048576K
}
Event: 7.415 GC heap before
{Heap before GC invocations=5 (full 0):
 PSYoungGen      total 71680K, used 71648K [0x0000000795580000, 0x000000079a080000, 0x00000007c0000000)
  eden space 66560K, 100% used [0x0000000795580000,0x0000000799680000,0x0000000799680000)
  from space 5120K, 99% used [0x0000000799b80000,0x000000079a078020,0x000000079a080000)
  to   space 5120K, 0% used [0x0000000799680000,0x0000000799680000,0x0000000799b80000)
 ParOldGen       total 87552K, used 8801K [0x0000000740000000, 0x0000000745580000, 0x0000000795580000)
  object space 87552K, 10% used [0x0000000740000000,0x00000007408986b0,0x0000000745580000)
 Metaspace       used 15701K, capacity 15904K, committed 16128K, reserved 1062912K
  class space    used 1871K, capacity 1976K, committed 2048K, reserved 1048576K
Event: 7.472 GC heap after
Heap after GC invocations=5 (full 0):
 PSYoungGen      total 71680K, used 5088K [0x0000000795580000, 0x000000079f280000, 0x00000007c0000000)
  eden space 66560K, 0% used [0x0000000795580000,0x0000000795580000,0x0000000799680000)
  from space 5120K, 99% used [0x0000000799680000,0x0000000799b78020,0x0000000799b80000)
  to   space 13824K, 0% used [0x000000079e500000,0x000000079e500000,0x000000079f280000)
 ParOldGen       total 87552K, used 16348K [0x0000000740000000, 0x0000000745580000, 0x0000000795580000)
  object space 87552K, 18% used [0x0000000740000000,0x0000000740ff7360,0x0000000745580000)
 Metaspace       used 15701K, capacity 15904K, committed 16128K, reserved 1062912K
  class space    used 1871K, capacity 1976K, committed 2048K, reserved 1048576K
}
Event: 8.978 GC heap before
{Heap before GC invocations=6 (full 0):
 PSYoungGen      total 71680K, used 71648K [0x0000000795580000, 0x000000079f280000, 0x00000007c0000000)
  eden space 66560K, 100% used [0x0000000795580000,0x0000000799680000,0x0000000799680000)
  from space 5120K, 99% used [0x0000000799680000,0x0000000799b78020,0x0000000799b80000)
  to   space 13824K, 0% used [0x000000079e500000,0x000000079e500000,0x000000079f280000)
 ParOldGen       total 87552K, used 16348K [0x0000000740000000, 0x0000000745580000, 0x0000000795580000)
  object space 87552K, 18% used [0x0000000740000000,0x0000000740ff7360,0x0000000745580000)
 Metaspace       used 16010K, capacity 16236K, committed 16384K, reserved 1062912K
  class space    used 1873K, capacity 1978K, committed 2048K, reserved 1048576K
Event: 9.033 GC heap after
Heap after GC invocations=6 (full 0):
 PSYoungGen      total 146432K, used 10800K [0x0000000795580000, 0x000000079f380000, 0x00000007c0000000)
  eden space 132608K, 0% used [0x0000000795580000,0x0000000795580000,0x000000079d700000)
  from space 13824K, 78% used [0x000000079e500000,0x000000079ef8c010,0x000000079f280000)
  to   space 14336K, 0% used [0x000000079d700000,0x000000079d700000,0x000000079e500000)
 ParOldGen       total 87552K, used 16356K [0x0000000740000000, 0x0000000745580000, 0x0000000795580000)
  object space 87552K, 18% used [0x0000000740000000,0x0000000740ff9360,0x0000000745580000)
 Metaspace       used 16010K, capacity 16236K, committed 16384K, reserved 1062912K
  class space    used 1873K, capacity 1978K, committed 2048K, reserved 1048576K
}
Event: 13.538 GC heap before
{Heap before GC invocations=7 (full 0):
 PSYoungGen      total 146432K, used 143408K [0x0000000795580000, 0x000000079f380000, 0x00000007c0000000)
  eden space 132608K, 100% used [0x0000000795580000,0x000000079d700000,0x000000079d700000)
  from space 13824K, 78% used [0x000000079e500000,0x000000079ef8c010,0x000000079f280000)
  to   space 14336K, 0% used [0x000000079d700000,0x000000079d700000,0x000000079e500000)
 ParOldGen       total 87552K, used 16356K [0x0000000740000000, 0x0000000745580000, 0x0000000795580000)
  object space 87552K, 18% used [0x0000000740000000,0x0000000740ff9360,0x0000000745580000)
 Metaspace       used 19839K, capacity 20266K, committed 20352K, reserved 1067008K
  class space    used 2292K, capacity 2425K, committed 2432K, reserved 1048576K
Event: 13.647 GC heap after
Heap after GC invocations=7 (full 0):
 PSYoungGen      total 146944K, used 14336K [0x0000000795580000, 0x00000007a8080000, 0x00000007c0000000)
  eden space 132608K, 0% used [0x0000000795580000,0x0000000795580000,0x000000079d700000)
  from space 14336K, 100% used [0x000000079d700000,0x000000079e500000,0x000000079e500000)
  to   space 20480K, 0% used [0x00000007a6c80000,0x00000007a6c80000,0x00000007a8080000)
 ParOldGen       total 87552K, used 25031K [0x0000000740000000, 0x0000000745580000, 0x0000000795580000)
  object space 87552K, 28% used [0x0000000740000000,0x0000000741871d70,0x0000000745580000)
 Metaspace       used 19839K, capacity 20266K, committed 20352K, reserved 1067008K
  class space    used 2292K, capacity 2425K, committed 2432K, reserved 1048576K
}

