# JRE version: Java(TM) SE Runtime Environment (8.0_171-b11) (build 1.8.0_171-b11)
# Java VM: Java HotSpot(TM) 64-Bit Server VM (25.171-b11 mixed mode bsd-amd64 compressed oops)
Heap:
 PSYoungGen      total 284672K, used 194712K [0x0000000795580000, 0x00000007a7f80000, 0x00000007c0000000)
  eden space 264192K, 73% used [0x0000000795580000,0x00000007a13a6068,0x00000007a5780000)
  from space 20480K, 0% used [0x00000007a6b80000,0x00000007a6b80000,0x00000007a7f80000)
  to   space 20480K, 0% used [0x00000007a5780000,0x00000007a5780000,0x00000007a6b80000)
 ParOldGen       total 91136K, used 31956K [0x0000000740000000, 0x0000000745900000, 0x0000000795580000)
  object space 91136K, 35% used [0x0000000740000000,0x0000000741f35190,0x0000000745900000)
 Metaspace       used 27967K, capacity 28756K, committed 28928K, reserved 1075200K
  class space    used 3308K, capacity 3546K, committed 3584K, reserved 1048576K
GC Heap History (10 events):
Event: 7.814 GC heap before
{Heap before GC invocations=5 (full 0):
 PSYoungGen      total 71680K, used 71664K [0x0000000795580000, 0x000000079a080000, 0x00000007c0000000)
  eden space 66560K, 100% used [0x0000000795580000,0x0000000799680000,0x0000000799680000)
  from space 5120K, 99% used [0x0000000799b80000,0x000000079a07c030,0x000000079a080000)
  to   space 5120K, 0% used [0x0000000799680000,0x0000000799680000,0x0000000799b80000)
 ParOldGen       total 87552K, used 9043K [0x0000000740000000, 0x0000000745580000, 0x0000000795580000)
  object space 87552K, 10% used [0x0000000740000000,0x00000007408d4fd0,0x0000000745580000)
 Metaspace       used 15664K, capacity 15872K, committed 16128K, reserved 1062912K
  class space    used 1867K, capacity 1944K, committed 2048K, reserved 1048576K
Event: 7.845 GC heap after
Heap after GC invocations=5 (full 0):
 PSYoungGen      total 71680K, used 5104K [0x0000000795580000, 0x000000079f180000, 0x00000007c0000000)
  eden space 66560K, 0% used [0x0000000795580000,0x0000000795580000,0x0000000799680000)
  from space 5120K, 99% used [0x0000000799680000,0x0000000799b7c030,0x0000000799b80000)
  to   space 13312K, 0% used [0x000000079e480000,0x000000079e480000,0x000000079f180000)
 ParOldGen       total 87552K, used 16252K [0x0000000740000000, 0x0000000745580000, 0x0000000795580000)
  object space 87552K, 18% used [0x0000000740000000,0x0000000740fdf050,0x0000000745580000)
 Metaspace       used 15664K, capacity 15872K, committed 16128K, reserved 1062912K
  class space    used 1867K, capacity 1944K, committed 2048K, reserved 1048576K
}
Event: 8.493 GC heap before
{Heap before GC invocations=6 (full 0):
 PSYoungGen      total 71680K, used 71664K [0x0000000795580000, 0x000000079f180000, 0x00000007c0000000)
  eden space 66560K, 100% used [0x0000000795580000,0x0000000799680000,0x0000000799680000)
  from space 5120K, 99% used [0x0000000799680000,0x0000000799b7c030,0x0000000799b80000)
  to   space 13312K, 0% used [0x000000079e480000,0x000000079e480000,0x000000079f180000)
 ParOldGen       total 87552K, used 16252K [0x0000000740000000, 0x0000000745580000, 0x0000000795580000)
  object space 87552K, 18% used [0x0000000740000000,0x0000000740fdf050,0x0000000745580000)
 Metaspace       used 15896K, capacity 16140K, committed 16384K, reserved 1062912K
  class space    used 1869K, capacity 1946K, committed 2048K, reserved 1048576K
Event: 8.529 GC heap after
Heap after GC invocations=6 (full 0):
 PSYoungGen      total 145408K, used 10864K [0x0000000795580000, 0x000000079f380000, 0x00000007c0000000)
  eden space 132096K, 0% used [0x0000000795580000,0x0000000795580000,0x000000079d680000)
  from space 13312K, 81% used [0x000000079e480000,0x000000079ef1c030,0x000000079f180000)
  to   space 14336K, 0% used [0x000000079d680000,0x000000079d680000,0x000000079e480000)
 ParOldGen       total 87552K, used 16260K [0x0000000740000000, 0x0000000745580000, 0x0000000795580000)
  object space 87552K, 18% used [0x0000000740000000,0x0000000740fe1050,0x0000000745580000)
 Metaspace       used 15896K, capacity 16140K, committed 16384K, reserved 1062912K
  class space    used 1869K, capacity 1946K, committed 2048K, reserved 1048576K
}
Event: 10.440 GC heap before
{Heap before GC invocations=7 (full 0):
 PSYoungGen      total 145408K, used 142960K [0x0000000795580000, 0x000000079f380000, 0x00000007c0000000)
  eden space 132096K, 100% used [0x0000000795580000,0x000000079d680000,0x000000079d680000)
  from space 13312K, 81% used [0x000000079e480000,0x000000079ef1c030,0x000000079f180000)
  to   space 14336K, 0% used [0x000000079d680000,0x000000079d680000,0x000000079e480000)
 ParOldGen       total 87552K, used 16260K [0x0000000740000000, 0x0000000745580000, 0x0000000795580000)
  object space 87552K, 18% used [0x0000000740000000,0x0000000740fe1050,0x0000000745580000)
 Metaspace       used 17250K, capacity 17678K, committed 17792K, reserved 1064960K
  class space    used 2006K, capacity 2159K, committed 2176K, reserved 1048576K
Event: 10.508 GC heap after
Heap after GC invocations=7 (full 0):
 PSYoungGen      total 146432K, used 14318K [0x0000000795580000, 0x00000007a7f80000, 0x00000007c0000000)
  eden space 132096K, 0% used [0x0000000795580000,0x0000000795580000,0x000000079d680000)
  from space 14336K, 99% used [0x000000079d680000,0x000000079e47bbf8,0x000000079e480000)
  to   space 20480K, 0% used [0x00000007a6b80000,0x00000007a6b80000,0x00000007a7f80000)
 ParOldGen       total 87552K, used 24895K [0x0000000740000000, 0x0000000745580000, 0x0000000795580000)
  object space 87552K, 28% used [0x0000000740000000,0x000000074184fd90,0x0000000745580000)
 Metaspace       used 17250K, capacity 17678K, committed 17792K, reserved 1064960K
  class space    used 2006K, capacity 2159K, committed 2176K, reserved 1048576K
}
Event: 11.389 GC heap before
{Heap before GC invocations=8 (full 0):
 PSYoungGen      total 146432K, used 34449K [0x0000000795580000, 0x00000007a7f80000, 0x00000007c0000000)
  eden space 132096K, 15% used [0x0000000795580000,0x0000000796928a68,0x000000079d680000)
  from space 14336K, 99% used [0x000000079d680000,0x000000079e47bbf8,0x000000079e480000)
  to   space 20480K, 0% used [0x00000007a6b80000,0x00000007a6b80000,0x00000007a7f80000)
 ParOldGen       total 87552K, used 24895K [0x0000000740000000, 0x0000000745580000, 0x0000000795580000)
  object space 87552K, 28% used [0x0000000740000000,0x000000074184fd90,0x0000000745580000)
 Metaspace       used 20499K, capacity 21006K, committed 21296K, reserved 1069056K
  class space    used 2386K, capacity 2563K, committed 2688K, reserved 1048576K
Event: 11.433 GC heap after
Heap after GC invocations=8 (full 0):
 PSYoungGen      total 284672K, used 13647K [0x0000000795580000, 0x00000007a7f80000, 0x00000007c0000000)
  eden space 264192K, 0% used [0x0000000795580000,0x0000000795580000,0x00000007a5780000)
  from space 20480K, 66% used [0x00000007a6b80000,0x00000007a78d3f00,0x00000007a7f80000)
  to   space 20480K, 0% used [0x00000007a5780000,0x00000007a5780000,0x00000007a6b80000)
 ParOldGen       total 87552K, used 27511K [0x0000000740000000, 0x0000000745580000, 0x0000000795580000)
  object space 87552K, 31% used [0x0000000740000000,0x0000000741adddb0,0x0000000745580000)
 Metaspace       used 20499K, capacity 21006K, committed 21296K, reserved 1069056K
  class space    used 2386K, capacity 2563K, committed 2688K, reserved 1048576K
}
Event: 11.433 GC heap before
{Heap before GC invocations=9 (full 1):
 PSYoungGen      total 284672K, used 13647K [0x0000000795580000, 0x00000007a7f80000, 0x00000007c0000000)
  eden space 264192K, 0% used [0x0000000795580000,0x0000000795580000,0x00000007a5780000)
  from space 20480K, 66% used [0x00000007a6b80000,0x00000007a78d3f00,0x00000007a7f80000)
  to   space 20480K, 0% used [0x00000007a5780000,0x00000007a5780000,0x00000007a6b80000)
 ParOldGen       total 87552K, used 27511K [0x0000000740000000, 0x0000000745580000, 0x0000000795580000)
  object space 87552K, 31% used [0x0000000740000000,0x0000000741adddb0,0x0000000745580000)
 Metaspace       used 20499K, capacity 21006K, committed 21296K, reserved 1069056K
  class space    used 2386K, capacity 2563K, committed 2688K, reserved 1048576K
Event: 11.764 GC heap after
Heap after GC invocations=9 (full 1):
 PSYoungGen      total 284672K, used 0K [0x0000000795580000, 0x00000007a7f80000, 0x00000007c0000000)
  eden space 264192K, 0% used [0x0000000795580000,0x0000000795580000,0x00000007a5780000)
  from space 20480K, 0% used [0x00000007a6b80000,0x00000007a6b80000,0x00000007a7f80000)
  to   space 20480K, 0% used [0x00000007a5780000,0x00000007a5780000,0x00000007a6b80000)
 ParOldGen       total 91136K, used 31956K [0x0000000740000000, 0x0000000745900000, 0x0000000795580000)
  object space 91136K, 35% used [0x0000000740000000,0x0000000741f35190,0x0000000745900000)
 Metaspace       used 20499K, capacity 21006K, committed 21296K, reserved 1069056K
  class space    used 2386K, capacity 2563K, committed 2688K, reserved 1048576K
}

